Проблема: часть кнопок имеет стандартный функционал,
а часть кнопок меняет свои функции и свой функционал,
в зависимости от текущего экрана и от текущего выбранного элемента.

1) ERASE:
Стереть последний символ выделенного TEXT
2) MENU:
Перейти на другой экран
Открыть выпадающее меню
3) SELECT:
Раскрыть выпадающий список
Выбрать элемент из выпадающего списка
Применить действие из выпадающего меню
4) EDIT:
Переключить CHECK_BOX
5) DIRECTION:
Открыть меню направления?
6) SAVE:
Применить изменения (сохранить, вернуться на предыдущий экран)
7) BACK:
Вернуться на предыдущий экран (без сохранения)
Свернуть выпадающее меню, не сохраняя значение

То, что почти никогда не меняется:
SELECT_BOX: [Сохранить - Выбрать] -> [Выбрать - Назад]
TEXT: [Сохранить - Стереть]
CHECK_BOX: [Сохранить - Изменить]
MENU_ITEM: [Выбрать - Назад]

Целевая реализация:
UI отрисовывает кнопки и выполняет функции,
не зная о текущем экране

Возможное решение:
Реализация конфигурации, описывающей возможные переходы состояния кнопок


Какие уникальные действия выполняют кнопки?
Стереть последний символ
Поменять значение чекбокса на противоположное
Раскрыть селектбокс
Выбрать текущее значение селектбокса

Открыть новый экран
Сохранить экран
Вернуться на предыдущий экран
Раскрыть меню


Мысль:
Рассмотреть мультименю как состояние кнопки, когда выбран
элемент CARD_ITEM - это генеративный элемент, который можно удалять, создавать, редактировать













